  main.cpp
C:\Users\lando\Desktop\Repositories\Project-B-Server-2\Project-B-Server-C++\main.cpp(44,63): error C3861: 'updateTransform': identifier not found
C:\Users\lando\Desktop\Repositories\Project-B-Server-2\Project-B-Server-C++\main.cpp(50,9): warning C4477: 'printf' : format string '%s' requires an argument of type 'char *', but variadic argument 1 has type 'std::string'
C:\Users\lando\Desktop\Repositories\Project-B-Server-2\Project-B-Server-C++\main.cpp(50,9): warning C4477: 'printf' : format string '%s' requires an argument of type 'char *', but variadic argument 2 has type 'sockaddr_in'
C:\Users\lando\Desktop\Repositories\Project-B-Server-2\Project-B-Server-C++\main.cpp(50,9): warning C4473: 'printf' : not enough arguments passed for format string
C:\Users\lando\Desktop\Repositories\Project-B-Server-2\Project-B-Server-C++\main.cpp(50,9): message : placeholders and their parameters expect 3 variadic arguments, but 2 were provided
C:\Users\lando\Desktop\Repositories\Project-B-Server-2\Project-B-Server-C++\main.cpp(50,9): message : the missing variadic argument 3 is required by format string '%d'
C:\Users\lando\Desktop\Repositories\Project-B-Server-2\Project-B-Server-C++\main.cpp(77,9): warning C4129: 'B': unrecognized character escape sequence
C:\Users\lando\Desktop\Repositories\Project-B-Server-2\Project-B-Server-C++\main.cpp(80,10): error C2678: binary '==': no operator found which takes a left-hand operand of type 'std::_Binder<std::_Unforced,SOCKET &,sockaddr *,size_t>' (or there is no acceptable conversion)
C:\Program Files (x86)\Windows Kits\10\Include\10.0.22000.0\shared\guiddef.h(192,15): message : could be 'bool operator ==(const GUID &,const GUID &)'
C:\Program Files\Microsoft Visual Studio\2022\Community\VC\Tools\MSVC\14.36.32532\include\map(630,17): message : or       'bool std::operator ==(const std::multimap<_Kty,_Ty,_Pr,_Alloc> &,const std::multimap<_Kty,_Ty,_Pr,_Alloc> &)'
C:\Users\lando\Desktop\Repositories\Project-B-Server-2\Project-B-Server-C++\main.cpp(80,10): message : 'bool std::operator ==(const std::multimap<_Kty,_Ty,_Pr,_Alloc> &,const std::multimap<_Kty,_Ty,_Pr,_Alloc> &)': could not deduce template argument for 'const std::multimap<_Kty,_Ty,_Pr,_Alloc> &' from 'std::_Binder<std::_Unforced,SOCKET &,sockaddr *,size_t>'
C:\Program Files\Microsoft Visual Studio\2022\Community\VC\Tools\MSVC\14.36.32532\include\map(399,17): message : or       'bool std::operator ==(const std::map<_Kty,_Ty,_Pr,_Alloc> &,const std::map<_Kty,_Ty,_Pr,_Alloc> &)'
C:\Users\lando\Desktop\Repositories\Project-B-Server-2\Project-B-Server-C++\main.cpp(80,10): message : 'bool std::operator ==(const std::map<_Kty,_Ty,_Pr,_Alloc> &,const std::map<_Kty,_Ty,_Pr,_Alloc> &)': could not deduce template argument for 'const std::map<_Kty,_Ty,_Pr,_Alloc> &' from 'std::_Binder<std::_Unforced,SOCKET &,sockaddr *,size_t>'
C:\Program Files\Microsoft Visual Studio\2022\Community\VC\Tools\MSVC\14.36.32532\include\functional(1164,17): message : or       'bool std::operator ==(std::nullptr_t,const std::function<_Fty> &) noexcept'
C:\Users\lando\Desktop\Repositories\Project-B-Server-2\Project-B-Server-C++\main.cpp(80,10): message : 'bool std::operator ==(std::nullptr_t,const std::function<_Fty> &) noexcept': could not deduce template argument for 'const std::function<_Fty> &' from 'int'
C:\Program Files\Microsoft Visual Studio\2022\Community\VC\Tools\MSVC\14.36.32532\include\functional(1158,17): message : or       'bool std::operator ==(const std::function<_Fty> &,std::nullptr_t) noexcept'
C:\Users\lando\Desktop\Repositories\Project-B-Server-2\Project-B-Server-C++\main.cpp(80,10): message : 'bool std::operator ==(const std::function<_Fty> &,std::nullptr_t) noexcept': could not deduce template argument for 'const std::function<_Fty> &' from 'std::_Binder<std::_Unforced,SOCKET &,sockaddr *,size_t>'
C:\Program Files\Microsoft Visual Studio\2022\Community\VC\Tools\MSVC\14.36.32532\include\tuple(669,27): message : or       'bool std::operator ==(const std::tuple<_Types...> &,const std::tuple<_Types...> &)'
C:\Users\lando\Desktop\Repositories\Project-B-Server-2\Project-B-Server-C++\main.cpp(80,10): message : 'bool std::operator ==(const std::tuple<_Types...> &,const std::tuple<_Types...> &)': could not deduce template argument for 'const std::tuple<_Types...> &' from 'std::_Binder<std::_Unforced,SOCKET &,sockaddr *,size_t>'
C:\Program Files\Microsoft Visual Studio\2022\Community\VC\Tools\MSVC\14.36.32532\include\vector(2219,30): message : or       'bool std::operator ==(const std::vector<_Ty,_Alloc> &,const std::vector<_Ty,_Alloc> &)'
C:\Users\lando\Desktop\Repositories\Project-B-Server-2\Project-B-Server-C++\main.cpp(80,10): message : 'bool std::operator ==(const std::vector<_Ty,_Alloc> &,const std::vector<_Ty,_Alloc> &)': could not deduce template argument for 'const std::vector<_Ty,_Alloc> &' from 'std::_Binder<std::_Unforced,SOCKET &,sockaddr *,size_t>'
C:\Program Files\Microsoft Visual Studio\2022\Community\VC\Tools\MSVC\14.36.32532\include\list(1873,17): message : or       'bool std::operator ==(const std::list<_Ty,_Alloc> &,const std::list<_Ty,_Alloc> &)'
C:\Users\lando\Desktop\Repositories\Project-B-Server-2\Project-B-Server-C++\main.cpp(80,10): message : 'bool std::operator ==(const std::list<_Ty,_Alloc> &,const std::list<_Ty,_Alloc> &)': could not deduce template argument for 'const std::list<_Ty,_Alloc> &' from 'std::_Binder<std::_Unforced,SOCKET &,sockaddr *,size_t>'
C:\Program Files\Microsoft Visual Studio\2022\Community\VC\Tools\MSVC\14.36.32532\include\memory(3555,17): message : or       'bool std::operator ==(std::nullptr_t,const std::unique_ptr<_Ty,_Dx> &) noexcept'
C:\Users\lando\Desktop\Repositories\Project-B-Server-2\Project-B-Server-C++\main.cpp(80,10): message : 'bool std::operator ==(std::nullptr_t,const std::unique_ptr<_Ty,_Dx> &) noexcept': could not deduce template argument for 'const std::unique_ptr<_Ty,_Dx> &' from 'int'
C:\Program Files\Microsoft Visual Studio\2022\Community\VC\Tools\MSVC\14.36.32532\include\memory(3549,30): message : or       'bool std::operator ==(const std::unique_ptr<_Ty,_Dx> &,std::nullptr_t) noexcept'
C:\Users\lando\Desktop\Repositories\Project-B-Server-2\Project-B-Server-C++\main.cpp(80,10): message : 'bool std::operator ==(const std::unique_ptr<_Ty,_Dx> &,std::nullptr_t) noexcept': could not deduce template argument for 'const std::unique_ptr<_Ty,_Dx> &' from 'std::_Binder<std::_Unforced,SOCKET &,sockaddr *,size_t>'
C:\Program Files\Microsoft Visual Studio\2022\Community\VC\Tools\MSVC\14.36.32532\include\memory(3501,30): message : or       'bool std::operator ==(const std::unique_ptr<_Ty,_Dx> &,const std::unique_ptr<_Ty2,_Dx2> &)'
C:\Users\lando\Desktop\Repositories\Project-B-Server-2\Project-B-Server-C++\main.cpp(80,10): message : 'bool std::operator ==(const std::unique_ptr<_Ty,_Dx> &,const std::unique_ptr<_Ty2,_Dx2> &)': could not deduce template argument for 'const std::unique_ptr<_Ty,_Dx> &' from 'std::_Binder<std::_Unforced,SOCKET &,sockaddr *,size_t>'
C:\Program Files\Microsoft Visual Studio\2022\Community\VC\Tools\MSVC\14.36.32532\include\memory(1920,17): message : or       'bool std::operator ==(std::nullptr_t,const std::shared_ptr<_Ty> &) noexcept'
C:\Users\lando\Desktop\Repositories\Project-B-Server-2\Project-B-Server-C++\main.cpp(80,10): message : 'bool std::operator ==(std::nullptr_t,const std::shared_ptr<_Ty> &) noexcept': could not deduce template argument for 'const std::shared_ptr<_Ty> &' from 'int'
C:\Program Files\Microsoft Visual Studio\2022\Community\VC\Tools\MSVC\14.36.32532\include\memory(1909,17): message : or       'bool std::operator ==(const std::shared_ptr<_Ty> &,std::nullptr_t) noexcept'
C:\Users\lando\Desktop\Repositories\Project-B-Server-2\Project-B-Server-C++\main.cpp(80,10): message : 'bool std::operator ==(const std::shared_ptr<_Ty> &,std::nullptr_t) noexcept': could not deduce template argument for 'const std::shared_ptr<_Ty> &' from 'std::_Binder<std::_Unforced,SOCKET &,sockaddr *,size_t>'
C:\Program Files\Microsoft Visual Studio\2022\Community\VC\Tools\MSVC\14.36.32532\include\memory(1872,17): message : or       'bool std::operator ==(const std::shared_ptr<_Ty> &,const std::shared_ptr<_Ty0> &) noexcept'
C:\Users\lando\Desktop\Repositories\Project-B-Server-2\Project-B-Server-C++\main.cpp(80,10): message : 'bool std::operator ==(const std::shared_ptr<_Ty> &,const std::shared_ptr<_Ty0> &) noexcept': could not deduce template argument for 'const std::shared_ptr<_Ty> &' from 'std::_Binder<std::_Unforced,SOCKET &,sockaddr *,size_t>'
C:\Program Files\Microsoft Visual Studio\2022\Community\VC\Tools\MSVC\14.36.32532\include\xstring(5070,17): message : or       'bool std::operator ==(const _Elem *const ,const std::basic_string<_Elem,_Traits,_Alloc> &)'
C:\Users\lando\Desktop\Repositories\Project-B-Server-2\Project-B-Server-C++\main.cpp(80,10): message : 'bool std::operator ==(const _Elem *const ,const std::basic_string<_Elem,_Traits,_Alloc> &)': could not deduce template argument for 'const _Elem *const ' from 'std::_Binder<std::_Unforced,SOCKET &,sockaddr *,size_t>'
C:\Program Files\Microsoft Visual Studio\2022\Community\VC\Tools\MSVC\14.36.32532\include\xstring(5051,30): message : or       'bool std::operator ==(const std::basic_string<_Elem,_Traits,_Alloc> &,const _Elem *const )'
C:\Users\lando\Desktop\Repositories\Project-B-Server-2\Project-B-Server-C++\main.cpp(80,10): message : 'bool std::operator ==(const std::basic_string<_Elem,_Traits,_Alloc> &,const _Elem *const )': could not deduce template argument for 'const std::basic_string<_Elem,_Traits,_Alloc> &' from 'std::_Binder<std::_Unforced,SOCKET &,sockaddr *,size_t>'
C:\Program Files\Microsoft Visual Studio\2022\Community\VC\Tools\MSVC\14.36.32532\include\xstring(5045,30): message : or       'bool std::operator ==(const std::basic_string<_Elem,_Traits,_Alloc> &,const std::basic_string<_Elem,_Traits,_Alloc> &) noexcept'
C:\Users\lando\Desktop\Repositories\Project-B-Server-2\Project-B-Server-C++\main.cpp(80,10): message : 'bool std::operator ==(const std::basic_string<_Elem,_Traits,_Alloc> &,const std::basic_string<_Elem,_Traits,_Alloc> &) noexcept': could not deduce template argument for 'const std::basic_string<_Elem,_Traits,_Alloc> &' from 'std::_Binder<std::_Unforced,SOCKET &,sockaddr *,size_t>'
C:\Program Files\Microsoft Visual Studio\2022\Community\VC\Tools\MSVC\14.36.32532\include\xmemory(1011,30): message : or       'bool std::operator ==(const std::allocator<_Ty> &,const std::allocator<_Other> &) noexcept'
C:\Users\lando\Desktop\Repositories\Project-B-Server-2\Project-B-Server-C++\main.cpp(80,10): message : 'bool std::operator ==(const std::allocator<_Ty> &,const std::allocator<_Other> &) noexcept': could not deduce template argument for 'const std::allocator<_Ty> &' from 'std::_Binder<std::_Unforced,SOCKET &,sockaddr *,size_t>'
C:\Program Files\Microsoft Visual Studio\2022\Community\VC\Tools\MSVC\14.36.32532\include\iterator(489,17): message : or       'bool std::operator ==(const std::istreambuf_iterator<_Elem,_Traits> &,const std::istreambuf_iterator<_Elem,_Traits> &)'
C:\Users\lando\Desktop\Repositories\Project-B-Server-2\Project-B-Server-C++\main.cpp(80,10): message : 'bool std::operator ==(const std::istreambuf_iterator<_Elem,_Traits> &,const std::istreambuf_iterator<_Elem,_Traits> &)': could not deduce template argument for 'const std::istreambuf_iterator<_Elem,_Traits> &' from 'std::_Binder<std::_Unforced,SOCKET &,sockaddr *,size_t>'
C:\Program Files\Microsoft Visual Studio\2022\Community\VC\Tools\MSVC\14.36.32532\include\iterator(307,17): message : or       'bool std::operator ==(const std::istream_iterator<_Ty,_Elem,_Traits,_Diff> &,const std::istream_iterator<_Ty,_Elem,_Traits,_Diff> &) noexcept'
C:\Users\lando\Desktop\Repositories\Project-B-Server-2\Project-B-Server-C++\main.cpp(80,10): message : 'bool std::operator ==(const std::istream_iterator<_Ty,_Elem,_Traits,_Diff> &,const std::istream_iterator<_Ty,_Elem,_Traits,_Diff> &) noexcept': could not deduce template argument for 'const std::istream_iterator<_Ty,_Elem,_Traits,_Diff> &' from 'std::_Binder<std::_Unforced,SOCKET &,sockaddr *,size_t>'
C:\Program Files\Microsoft Visual Studio\2022\Community\VC\Tools\MSVC\14.36.32532\include\xutility(4162,5): message : or       'bool std::operator ==(const std::move_iterator<_Iter> &,const std::move_iterator<_Iter2> &) noexcept(<expr>)'
C:\Users\lando\Desktop\Repositories\Project-B-Server-2\Project-B-Server-C++\main.cpp(80,10): message : 'bool std::operator ==(const std::move_iterator<_Iter> &,const std::move_iterator<_Iter2> &) noexcept(<expr>)': could not deduce template argument for 'const std::move_iterator<_Iter> &' from 'std::_Binder<std::_Unforced,SOCKET &,sockaddr *,size_t>'
C:\Program Files\Microsoft Visual Studio\2022\Community\VC\Tools\MSVC\14.36.32532\include\xutility(1464,5): message : or       'bool std::operator ==(const std::reverse_iterator<_BidIt> &,const std::reverse_iterator<_BidIt2> &) noexcept(<expr>)'
C:\Users\lando\Desktop\Repositories\Project-B-Server-2\Project-B-Server-C++\main.cpp(80,10): message : 'bool std::operator ==(const std::reverse_iterator<_BidIt> &,const std::reverse_iterator<_BidIt2> &) noexcept(<expr>)': could not deduce template argument for 'const std::reverse_iterator<_BidIt> &' from 'std::_Binder<std::_Unforced,SOCKET &,sockaddr *,size_t>'
C:\Program Files\Microsoft Visual Studio\2022\Community\VC\Tools\MSVC\14.36.32532\include\utility(484,27): message : or       'bool std::operator ==(const std::pair<_Ty1,_Ty2> &,const std::pair<_Ty1,_Ty2> &)'
C:\Users\lando\Desktop\Repositories\Project-B-Server-2\Project-B-Server-C++\main.cpp(80,10): message : 'bool std::operator ==(const std::pair<_Ty1,_Ty2> &,const std::pair<_Ty1,_Ty2> &)': could not deduce template argument for 'const std::pair<_Ty1,_Ty2> &' from 'std::_Binder<std::_Unforced,SOCKET &,sockaddr *,size_t>'
C:\Users\lando\Desktop\Repositories\Project-B-Server-2\Project-B-Server-C++\main.cpp(80,10): message : while trying to match the argument list '(std::_Binder<std::_Unforced,SOCKET &,sockaddr *,size_t>, int)'
C:\Users\lando\Desktop\Repositories\Project-B-Server-2\Project-B-Server-C++\main.cpp(90,24): error C3861: 'splitString': identifier not found
C:\Users\lando\Desktop\Repositories\Project-B-Server-2\Project-B-Server-C++\main.cpp(95,10): warning C4477: 'printf' : format string '%s' requires an argument of type 'char *', but variadic argument 1 has type 'std::string'
C:\Users\lando\Desktop\Repositories\Project-B-Server-2\Project-B-Server-C++\main.cpp(102,40): warning C4267: 'argument': conversion from 'size_t' to 'int', possible loss of data
